<?xml version="1.0" encoding="UTF-8"?>
<!-- Generated by org.testng.reporters.JUnitXMLReporter -->
<testsuite hostname="IBM-Testing01" ignored="0" name="Test" tests="8" failures="0" timestamp="23 Feb 2020 10:04:07 GMT" time="1.041" errors="0">
  <testcase name="@BeforeClass setUpBeforeClass" time="0.017" classname="com.training.sanity.tests.LoanTest">
    <failure type="java.io.FileNotFoundException" message=".\resources\others.properties (The system cannot find the path specified)">
      <![CDATA[java.io.FileNotFoundException: .\resources\others.properties (The system cannot find the path specified)
at java.io.FileInputStream.open0(Native Method)
at java.io.FileInputStream.open(Unknown Source)
at java.io.FileInputStream.<init>(Unknown Source)
at java.io.FileInputStream.<init>(Unknown Source)
at com.training.sanity.tests.LoanTest.setUpBeforeClass(LoanTest.java:40)
... Removed 26 stack frames]]>
    </failure>
  </testcase> <!-- @BeforeClass setUpBeforeClass -->
  <testcase name="@BeforeMethod setUp" time="0.0" classname="com.training.sanity.tests.LoanTest">
    <skipped/>
  </testcase> <!-- @BeforeMethod setUp -->
  <testcase name="@AfterMethod jiraBug" time="0.0" classname="com.training.sanity.tests.LoanTest">
    <skipped/>
  </testcase> <!-- @AfterMethod jiraBug -->
  <testcase name="@BeforeClass setUpBeforeClass" time="0.001" classname="com.training.sanity.tests.MemberTest">
    <failure type="java.io.FileNotFoundException" message=".\resources\others.properties (The system cannot find the path specified)">
      <![CDATA[java.io.FileNotFoundException: .\resources\others.properties (The system cannot find the path specified)
at java.io.FileInputStream.open0(Native Method)
at java.io.FileInputStream.open(Unknown Source)
at java.io.FileInputStream.<init>(Unknown Source)
at java.io.FileInputStream.<init>(Unknown Source)
at com.training.sanity.tests.MemberTest.setUpBeforeClass(MemberTest.java:36)
... Removed 26 stack frames]]>
    </failure>
  </testcase> <!-- @BeforeClass setUpBeforeClass -->
  <testcase name="@BeforeMethod setUp" time="0.0" classname="com.training.sanity.tests.MemberTest">
    <skipped/>
  </testcase> <!-- @BeforeMethod setUp -->
  <testcase name="@AfterMethod tearDown" time="0.0" classname="com.training.sanity.tests.MemberTest">
    <skipped/>
  </testcase> <!-- @AfterMethod tearDown -->
  <testcase name="@BeforeClass setUpBeforeClass" time="0.001" classname="com.training.sanity.tests.Test1">
    <failure type="java.io.FileNotFoundException" message=".\resources\others.properties (The system cannot find the path specified)">
      <![CDATA[java.io.FileNotFoundException: .\resources\others.properties (The system cannot find the path specified)
at java.io.FileInputStream.open0(Native Method)
at java.io.FileInputStream.open(Unknown Source)
at java.io.FileInputStream.<init>(Unknown Source)
at java.io.FileInputStream.<init>(Unknown Source)
at com.training.sanity.tests.Test1.setUpBeforeClass(Test1.java:41)
... Removed 26 stack frames]]>
    </failure>
  </testcase> <!-- @BeforeClass setUpBeforeClass -->
  <testcase name="@BeforeMethod setUp" time="0.0" classname="com.training.sanity.tests.Test1">
    <skipped/>
  </testcase> <!-- @BeforeMethod setUp -->
  <testcase name="@AfterMethod jiraBug" time="0.0" classname="com.training.sanity.tests.Test1">
    <skipped/>
  </testcase> <!-- @AfterMethod jiraBug -->
  <testcase name="@AfterClass tearDown" time="0.0" classname="com.training.sanity.tests.Test1">
    <skipped/>
  </testcase> <!-- @AfterClass tearDown -->
  <testcase name="@BeforeClass setUpBeforeClass" time="0.003" classname="com.training.sanity.tests.Test3">
    <failure type="java.io.FileNotFoundException" message=".\resources\others.properties (The system cannot find the path specified)">
      <![CDATA[java.io.FileNotFoundException: .\resources\others.properties (The system cannot find the path specified)
at java.io.FileInputStream.open0(Native Method)
at java.io.FileInputStream.open(Unknown Source)
at java.io.FileInputStream.<init>(Unknown Source)
at java.io.FileInputStream.<init>(Unknown Source)
at com.training.sanity.tests.Test3.setUpBeforeClass(Test3.java:30)
... Removed 26 stack frames]]>
    </failure>
  </testcase> <!-- @BeforeClass setUpBeforeClass -->
  <testcase name="validLoanTest" time="0.0" classname="com.training.sanity.tests.LoanTest">
    <skipped/>
  </testcase> <!-- validLoanTest -->
  <testcase name="validLoginTest1" time="0.0" classname="com.training.sanity.tests.MemberTest">
    <skipped/>
  </testcase> <!-- validLoginTest1 -->
  <testcase name="validTest_Step1" time="0.0" classname="com.training.sanity.tests.Test1">
    <skipped/>
  </testcase> <!-- validTest_Step1 -->
  <testcase name="login" time="0.0" classname="com.training.sanity.tests.Test3">
    <skipped/>
  </testcase> <!-- login -->
  <testcase name="validStep_3" time="0.0" classname="com.training.sanity.tests.Test3">
    <skipped/>
  </testcase> <!-- validStep_3 -->
  <testcase name="validStep_3" time="0.0" classname="com.training.sanity.tests.Test3">
    <skipped/>
  </testcase> <!-- validStep_3 -->
  <testcase name="validStep_3" time="0.0" classname="com.training.sanity.tests.Test3">
    <skipped/>
  </testcase> <!-- validStep_3 -->
  <testcase name="validStep_3" time="0.0" classname="com.training.sanity.tests.Test3">
    <skipped/>
  </testcase> <!-- validStep_3 -->
</testsuite> <!-- Test -->
